  Camera.cpp
  main_5_1.cpp
src\main_5_1.cpp(220): warning C4244: 'argument': conversion from 'double' to 'float', possible loss of data
src\main_5_1.cpp(222): warning C4244: 'argument': conversion from 'double' to 'float', possible loss of data
src\main_5_1.cpp(223): warning C4244: 'argument': conversion from 'double' to 'float', possible loss of data
src\main_5_1.cpp(225): warning C4244: 'argument': conversion from 'double' to 'float', possible loss of data
src\main_5_1.cpp(226): warning C4244: 'argument': conversion from 'double' to 'float', possible loss of data
src\main_5_1.cpp(228): warning C4244: 'argument': conversion from 'double' to 'float', possible loss of data
src\main_5_1.cpp(230): warning C4244: 'argument': conversion from 'double' to 'float', possible loss of data
src\main_5_1.cpp(232): warning C4244: 'argument': conversion from 'double' to 'float', possible loss of data
src\main_5_1.cpp(234): warning C4244: 'argument': conversion from 'double' to 'float', possible loss of data
  picopng.cpp
  Render_Utils.cpp
  Shader_Loader.cpp
  Texture.cpp
  Generating code
  1480 of 1483 functions (99.8%) were compiled, the rest were copied from previous compilation.
    15 functions were new in current compilation
    0 functions had inline decision re-evaluated but remain unchanged
  Finished generating code
  grk-cw5.vcxproj -> X:\1. SZKOŁA\GRK PROEJKT\Zriobiony\grkcw5-master\Release\grk-cw5.exe
  grk-cw5.vcxproj -> X:\1. SZKOŁA\GRK PROEJKT\Zriobiony\grkcw5-master\Release\grk-cw5.pdb (Full PDB)
